2023-04-30 22:29:03.479 CEST [2399] LOG:  starting PostgreSQL 15.2 on aarch64-apple-darwin21.6.0, compiled by Apple clang version 14.0.0 (clang-1400.0.29.102), 64-bit
2023-04-30 22:29:03.482 CEST [2399] LOG:  listening on IPv6 address "::1", port 5432
2023-04-30 22:29:03.482 CEST [2399] LOG:  listening on IPv4 address "127.0.0.1", port 5432
2023-04-30 22:29:03.484 CEST [2399] LOG:  listening on Unix socket "/tmp/.s.PGSQL.5432"
2023-04-30 22:29:03.488 CEST [2402] LOG:  database system was shut down at 2023-04-30 22:29:03 CEST
2023-04-30 22:29:03.491 CEST [2399] LOG:  database system is ready to accept connections
2023-04-30 22:31:41.616 CEST [2399] LOG:  received fast shutdown request
2023-04-30 22:31:41.617 CEST [2399] LOG:  aborting any active transactions
2023-04-30 22:31:41.618 CEST [2413] FATAL:  terminating connection due to administrator command
2023-04-30 22:31:41.618 CEST [2414] FATAL:  terminating connection due to administrator command
2023-04-30 22:31:41.620 CEST [2399] LOG:  background worker "logical replication launcher" (PID 2405) exited with exit code 1
2023-04-30 22:31:41.622 CEST [2400] LOG:  shutting down
2023-04-30 22:31:41.622 CEST [2400] LOG:  checkpoint starting: shutdown immediate
2023-04-30 22:31:41.670 CEST [2400] LOG:  checkpoint complete: wrote 978 buffers (6.0%); 0 WAL file(s) added, 0 removed, 0 recycled; write=0.029 s, sync=0.017 s, total=0.048 s; sync files=266, longest=0.001 s, average=0.001 s; distance=4580 kB, estimate=4580 kB
2023-04-30 22:31:41.676 CEST [2399] LOG:  database system is shut down
2023-04-30 22:31:43.240 CEST [2448] LOG:  starting PostgreSQL 15.2 on aarch64-apple-darwin21.6.0, compiled by Apple clang version 14.0.0 (clang-1400.0.29.102), 64-bit
2023-04-30 22:31:43.243 CEST [2448] LOG:  listening on IPv6 address "::1", port 5432
2023-04-30 22:31:43.243 CEST [2448] LOG:  listening on IPv4 address "127.0.0.1", port 5432
2023-04-30 22:31:43.244 CEST [2448] LOG:  listening on Unix socket "/tmp/.s.PGSQL.5432"
2023-04-30 22:31:43.249 CEST [2451] LOG:  database system was shut down at 2023-04-30 22:31:41 CEST
2023-04-30 22:31:43.253 CEST [2448] LOG:  database system is ready to accept connections
2023-04-30 22:31:55.058 CEST [2448] LOG:  received fast shutdown request
2023-04-30 22:31:55.059 CEST [2448] LOG:  aborting any active transactions
2023-04-30 22:31:55.062 CEST [2448] LOG:  background worker "logical replication launcher" (PID 2454) exited with exit code 1
2023-04-30 22:31:55.062 CEST [2449] LOG:  shutting down
2023-04-30 22:31:55.063 CEST [2449] LOG:  checkpoint starting: shutdown immediate
2023-04-30 22:31:55.068 CEST [2449] LOG:  checkpoint complete: wrote 3 buffers (0.0%); 0 WAL file(s) added, 0 removed, 0 recycled; write=0.002 s, sync=0.001 s, total=0.006 s; sync files=2, longest=0.001 s, average=0.001 s; distance=0 kB, estimate=0 kB
2023-04-30 22:31:55.073 CEST [2448] LOG:  database system is shut down
